Sun Apr 06 13:28:11 2025
: Admin added an employee
Sun Apr 06 13:28:36 2025
: Admin added an intern
Sun Apr 06 13:28:53 2025
: User viewed all interns
Sun Apr 06 13:29:09 2025
: User viewed all contractors
Sun Apr 06 13:30:02 2025
: Admin added a contractor
Sun Apr 06 13:30:06 2025
: User viewed all contractors
Sun Apr 06 13:30:36 2025
: Admin removed an employee
Sun Apr 06 13:30:58 2025
: User viewed all employees
Sun Apr 06 13:31:03 2025
: User viewed all interns
Sun Apr 06 13:31:07 2025
: User viewed all contractors
Sun Apr 06 13:31:12 2025
: User simulated work
